Using pre-set license
Built from '2020.3/release' branch; Version is '2020.3.2f1 (8fd9074bf66c) revision 9427207'; Using compiler version '192528614'; Build Type 'Release'
OS: 'Windows 10 Pro; OS build 19042.985; Version 2009; 64bit' Language: 'en' Physical Memory: 7804 MB
BatchMode: 1, IsHumanControllingUs: 0, StartBugReporterOnCrash: 0, Is64bit: 1, IsPro: 0

 COMMAND LINE ARGUMENTS:
G:\FCIH 2018-2019\LVL3\unity\2020.3.2f1\Editor\Unity.exe
-adb2
-batchMode
-noUpm
-name
AssetImportWorker0
-projectPath
G:/FCIH 2018-2019/LVL3/unity/Target Shooter
-logFile
Logs/AssetImportWorker0.log
-srvPort
61685
Successfully changed project path to: G:/FCIH 2018-2019/LVL3/unity/Target Shooter
G:/FCIH 2018-2019/LVL3/unity/Target Shooter
Using Asset Import Pipeline V2.
Refreshing native plugins compatible for Editor in 151.39 ms, found 2 plugins.
Preloading 0 native plugins for Editor in 0.00 ms.
Initialize engine version: 2020.3.2f1 (8fd9074bf66c)
[Subsystems] Discovering subsystems at path G:/FCIH 2018-2019/LVL3/unity/2020.3.2f1/Editor/Data/Resources/UnitySubsystems
[Subsystems] Discovering subsystems at path G:/FCIH 2018-2019/LVL3/unity/Target Shooter/Assets
GfxDevice: creating device client; threaded=0
Direct3D:
    Version:  Direct3D 11.0 [level 11.1]
    Renderer: NVIDIA GeForce GTX 1050 Ti (ID=0x1c8c)
    Vendor:   
    VRAM:     4021 MB
    Driver:   27.21.14.5771
Shader 'WFX/Transparent Specular': fallback shader 'Particles/Alpha Blended' not found
Shader 'WFX/Transparent Diffuse': fallback shader 'Particles/Alpha Blended' not found
Initialize mono
Mono path[0] = 'G:/FCIH 2018-2019/LVL3/unity/2020.3.2f1/Editor/Data/Managed'
Mono path[1] = 'G:/FCIH 2018-2019/LVL3/unity/2020.3.2f1/Editor/Data/MonoBleedingEdge/lib/mono/unityjit'
Mono config path = 'G:/FCIH 2018-2019/LVL3/unity/2020.3.2f1/Editor/Data/MonoBleedingEdge/etc'
Using monoOptions --debugger-agent=transport=dt_socket,embedding=1,server=y,suspend=n,address=127.0.0.1:56856
Begin MonoManager ReloadAssembly
Registering precompiled unity dll's ...
Register platform support module: G:/FCIH 2018-2019/LVL3/unity/2020.3.2f1/Editor/Data/PlaybackEngines/WindowsStandaloneSupport/UnityEditor.WindowsStandalone.Extensions.dll
Registered in 0.035739 seconds.
Native extension for WindowsStandalone target not found
Refreshing native plugins compatible for Editor in 87.32 ms, found 2 plugins.
Preloading 0 native plugins for Editor in 0.00 ms.
Invoked RoslynAnalysisRunner static constructor.
RoslynAnalysisRunner will not be running.
RoslynAnalysisRunner has terminated.
Mono: successfully reloaded assembly
- Completed reload, in  5.684 seconds
Platform modules already initialized, skipping
Registering precompiled user dll's ...
Registered in 0.055231 seconds.
Begin MonoManager ReloadAssembly
Native extension for WindowsStandalone target not found
Refreshing native plugins compatible for Editor in 49.79 ms, found 2 plugins.
Preloading 0 native plugins for Editor in 0.00 ms.
Invoked RoslynAnalysisRunner static constructor.
RoslynAnalysisRunner will not be running.
RoslynAnalysisRunner has terminated.
Mono: successfully reloaded assembly
- Completed reload, in  2.475 seconds
Platform modules already initialized, skipping
========================================================================
Worker process is ready to serve import requests
Shader 'WFX/Transparent Specular': fallback shader 'Particles/Alpha Blended' not found
Shader 'WFX/Transparent Diffuse': fallback shader 'Particles/Alpha Blended' not found
Launched and connected shader compiler UnityShaderCompiler.exe after 0.15 seconds
Refreshing native plugins compatible for Editor in 0.56 ms, found 2 plugins.
Preloading 0 native plugins for Editor in 0.00 ms.
Unloading 1944 Unused Serialized files (Serialized files now loaded: 0)
System memory in use before: 93.7 MB.
System memory in use after: 93.8 MB.

Unloading 76 unused Assets to reduce memory usage. Loaded Objects now: 2384.
Total: 3.941300 ms (FindLiveObjects: 0.476900 ms CreateObjectMapping: 0.403600 ms MarkObjects: 2.783000 ms  DeleteObjects: 0.276300 ms)

========================================================================
Received Import Request.
  path: Assets/Scripts/ScoreScript.cs
  artifactKey: Guid(8a3c9e760fb8223438666de716cab9ad) Importer(815301076,1909f56bfc062723c751e8b465ee728b)
Start importing Assets/Scripts/ScoreScript.cs using Guid(8a3c9e760fb8223438666de716cab9ad) Importer(815301076,1909f56bfc062723c751e8b465ee728b)  -> (artifact id: '64ab3c2fbaab8b3cd63191ed52f236c5') in 0.055677 seconds
  Import took 0.082775 seconds .

========================================================================
Received Import Request.
  Time since last request: 717.870746 seconds.
  path: Assets/Scripts/PlayerMovement.cs
  artifactKey: Guid(c491f574f138e9447bfd410066bc8f1c) Importer(815301076,1909f56bfc062723c751e8b465ee728b)
Start importing Assets/Scripts/PlayerMovement.cs using Guid(c491f574f138e9447bfd410066bc8f1c) Importer(815301076,1909f56bfc062723c751e8b465ee728b)  -> (artifact id: 'f71e3fd56f502b30cf17c72c99c812b5') in 0.043421 seconds
  Import took 0.279951 seconds .

========================================================================
Received Import Request.
  Time since last request: 0.143275 seconds.
  path: Assets/Scripts/PlayerMovement.cs
  artifactKey: Guid(c491f574f138e9447bfd410066bc8f1c) Importer(815301076,1909f56bfc062723c751e8b465ee728b)
Start importing Assets/Scripts/PlayerMovement.cs using Guid(c491f574f138e9447bfd410066bc8f1c) Importer(815301076,1909f56bfc062723c751e8b465ee728b)  -> (artifact id: 'f71e3fd56f502b30cf17c72c99c812b5') in 0.001473 seconds
  Import took 0.145324 seconds .

AssetImportWorkerClient::OnTransportError - code=2 error=End of file
